<?xml version="1.0" encoding="UTF-8"?>
<!-- Generated by org.testng.reporters.JUnitReportReporter -->
<testsuite hostname="LAPTOP-DRCHTFOG" failures="0" tests="1" name="spotify.Automation.TestNG" time="0.007" errors="0" timestamp="2023-01-22T19:34:04 IST" skipped="0">
  <testcase classname="spotify.Automation.TestNG" name="Test1" time="0.007"/>
  <system-out/>
</testsuite> <!-- spotify.Automation.TestNG -->
